<?xml version="1.0" encoding="utf-8"?><testsuites name="pytest tests"><testsuite name="pytest" errors="0" failures="0" skipped="0" tests="17" time="27.507" timestamp="2026-04-23T23:29:43.693218+00:00" hostname="agent-env-b20dcfd5-1ae8-400e-a11a-565dea51bba0"><testcase classname="backend.tests.backend_test.TestHealth" name="test_root" time="0.283" /><testcase classname="backend.tests.backend_test.TestUpload" name="test_upload_pdf_success" time="0.070" /><testcase classname="backend.tests.backend_test.TestUpload" name="test_reject_non_pdf" time="0.060" /><testcase classname="backend.tests.backend_test.TestUpload" name="test_reject_empty_text_pdf" time="0.056" /><testcase classname="backend.tests.backend_test.TestDocuments" name="test_list_documents" time="0.056" /><testcase classname="backend.tests.backend_test.TestDocuments" name="test_get_document" time="0.053" /><testcase classname="backend.tests.backend_test.TestDocuments" name="test_get_unknown_404" time="0.053" /><testcase classname="backend.tests.backend_test.TestDocuments" name="test_delete_doc_flow" time="0.193" /><testcase classname="backend.tests.backend_test.TestQuery" name="test_empty_question_400" time="0.057" /><testcase classname="backend.tests.backend_test.TestQuery" name="test_query_success_with_citations" time="1.275" /><testcase classname="backend.tests.backend_test.TestQuery" name="test_history" time="0.059" /><testcase classname="backend.tests.backend_test.TestAnalyses" name="test_risks_cached" time="10.719" /><testcase classname="backend.tests.backend_test.TestAnalyses" name="test_clauses_cached" time="4.308" /><testcase classname="backend.tests.backend_test.TestAnalyses" name="test_summary_cached" time="3.245" /><testcase classname="backend.tests.backend_test.TestCompare" name="test_compare_two_docs" time="6.412" /><testcase classname="backend.tests.backend_test.TestReport" name="test_download_report_docx" time="0.117" /><testcase classname="backend.tests.backend_test.TestReport" name="test_report_without_analyses" time="0.319" /></testsuite></testsuites>